<?xml version="1.0" encoding="UTF-8"?>
<coverage generated="1587040276">
  <project timestamp="1587040276">
    <package name="DataTraveller">
      <file name="/Users/runner/runners/2.169.0/work/data-traveller/data-traveller/src/DataTraveller.php">
        <class name="DataTraveller\DataTraveller" namespace="DataTraveller" fullPackage="DataTraveller" package="DataTraveller">
          <metrics complexity="4" methods="3" coveredmethods="3" conditionals="0" coveredconditionals="0" statements="8" coveredstatements="8" elements="11" coveredelements="11"/>
        </class>
        <line num="41" type="method" name="get" visibility="public" complexity="2" crap="2" count="30"/>
        <line num="43" type="stmt" count="30"/>
        <line num="44" type="stmt" count="29"/>
        <line num="46" type="stmt" count="28"/>
        <line num="48" type="stmt" count="28"/>
        <line num="52" type="stmt" count="27"/>
        <line num="59" type="method" name="isDisableRegexSteps" visibility="public" complexity="1" crap="1" count="30"/>
        <line num="61" type="stmt" count="30"/>
        <line num="70" type="method" name="setDisableRegexSteps" visibility="public" complexity="1" crap="1" count="1"/>
        <line num="72" type="stmt" count="1"/>
        <line num="73" type="stmt" count="1"/>
        <metrics loc="77" ncloc="44" classes="1" methods="3" coveredmethods="3" conditionals="0" coveredconditionals="0" statements="8" coveredstatements="8" elements="11" coveredelements="11"/>
      </file>
    </package>
    <package name="DataTraveller\Exceptions">
      <file name="/Users/runner/runners/2.169.0/work/data-traveller/data-traveller/src/Exceptions/MissingDataException.php">
        <class name="DataTraveller\Exceptions\MissingDataException" namespace="DataTraveller\Exceptions" fullPackage="DataTraveller" package="DataTraveller">
          <metrics complexity="3" methods="1" coveredmethods="1" conditionals="0" coveredconditionals="0" statements="4" coveredstatements="4" elements="5" coveredelements="5"/>
        </class>
        <line num="27" type="method" name="__construct" visibility="public" complexity="3" crap="3" count="2"/>
        <line num="29" type="stmt" count="2"/>
        <line num="31" type="stmt" count="2"/>
        <line num="32" type="stmt" count="2"/>
        <line num="36" type="stmt" count="2"/>
        <metrics loc="38" ncloc="21" classes="1" methods="1" coveredmethods="1" conditionals="0" coveredconditionals="0" statements="4" coveredstatements="4" elements="5" coveredelements="5"/>
      </file>
    </package>
    <package name="DataTraveller\Path\Exceptions">
      <file name="/Users/runner/runners/2.169.0/work/data-traveller/data-traveller/src/Path/Exceptions/InvalidPathException.php">
        <class name="DataTraveller\Path\Exceptions\InvalidPathException" namespace="DataTraveller\Path\Exceptions" fullPackage="DataTraveller" package="DataTraveller">
          <metrics complexity="0" methods="0" coveredmethods="0" conditionals="0" coveredconditionals="0" statements="0" coveredstatements="0" elements="0" coveredelements="0"/>
        </class>
        <metrics loc="20" ncloc="8" classes="0" methods="0" coveredmethods="0" conditionals="0" coveredconditionals="0" statements="0" coveredstatements="0" elements="0" coveredelements="0"/>
      </file>
    </package>
    <package name="DataTraveller\Path">
      <file name="/Users/runner/runners/2.169.0/work/data-traveller/data-traveller/src/Path/Parser.php">
        <class name="DataTraveller\Path\Parser" namespace="DataTraveller\Path" fullPackage="DataTraveller" package="DataTraveller">
          <metrics complexity="8" methods="3" coveredmethods="3" conditionals="0" coveredconditionals="0" statements="20" coveredstatements="20" elements="23" coveredelements="23"/>
        </class>
        <line num="42" type="method" name="parseStep" visibility="protected" complexity="2" crap="2" count="61"/>
        <line num="44" type="stmt" count="61"/>
        <line num="46" type="stmt" count="50"/>
        <line num="47" type="stmt" count="50"/>
        <line num="48" type="stmt" count="50"/>
        <line num="57" type="method" name="__construct" visibility="public" complexity="2" crap="2" count="70"/>
        <line num="61" type="stmt" count="70"/>
        <line num="65" type="stmt" count="70"/>
        <line num="67" type="stmt" count="69"/>
        <line num="71" type="stmt" count="70"/>
        <line num="73" type="stmt" count="70"/>
        <line num="75" type="stmt" count="70"/>
        <line num="83" type="method" name="parse" visibility="public" complexity="4" crap="4" count="70"/>
        <line num="85" type="stmt" count="70"/>
        <line num="86" type="stmt" count="70"/>
        <line num="88" type="stmt" count="70"/>
        <line num="90" type="stmt" count="61"/>
        <line num="91" type="stmt" count="50"/>
        <line num="93" type="stmt" count="40"/>
        <line num="97" type="stmt" count="46"/>
        <line num="98" type="stmt" count="46"/>
        <line num="100" type="stmt" count="5"/>
        <line num="106" type="stmt" count="49"/>
        <metrics loc="110" ncloc="78" classes="1" methods="3" coveredmethods="3" conditionals="0" coveredconditionals="0" statements="20" coveredstatements="20" elements="23" coveredelements="23"/>
      </file>
      <file name="/Users/runner/runners/2.169.0/work/data-traveller/data-traveller/src/Path/Path.php">
        <class name="DataTraveller\Path\Path" namespace="DataTraveller\Path" fullPackage="DataTraveller" package="DataTraveller">
          <metrics complexity="20" methods="11" coveredmethods="10" conditionals="0" coveredconditionals="0" statements="40" coveredstatements="34" elements="51" coveredelements="44"/>
        </class>
        <line num="46" type="method" name="parse" visibility="public" complexity="2" crap="2" count="45"/>
        <line num="50" type="stmt" count="45"/>
        <line num="52" type="stmt" count="5"/>
        <line num="54" type="stmt" count="5"/>
        <line num="65" type="method" name="__construct" visibility="public" complexity="4" crap="6.60" count="40"/>
        <line num="69" type="stmt" count="36"/>
        <line num="71" type="stmt" count="36"/>
        <line num="75" type="stmt" count="0"/>
        <line num="77" type="stmt" count="0"/>
        <line num="81" type="stmt" count="0"/>
        <line num="83" type="stmt" count="0"/>
        <line num="84" type="stmt" count="0"/>
        <line num="85" type="stmt" count="0"/>
        <line num="89" type="stmt" count="40"/>
        <line num="91" type="stmt" count="40"/>
        <line num="93" type="stmt" count="40"/>
        <line num="98" type="method" name="__toString" visibility="public" complexity="2" crap="2" count="32"/>
        <line num="102" type="stmt" count="31"/>
        <line num="104" type="stmt" count="32"/>
        <line num="108" type="method" name="__clone" visibility="public" complexity="1" crap="1" count="1"/>
        <line num="112" type="stmt" count="1"/>
        <line num="114" type="stmt" count="1"/>
        <line num="116" type="stmt" count="1"/>
        <line num="118" type="stmt" count="1"/>
        <line num="123" type="method" name="count" visibility="public" complexity="1" crap="1" count="2"/>
        <line num="125" type="stmt" count="2"/>
        <line num="137" type="method" name="get" visibility="public" complexity="5" crap="5" count="32"/>
        <line num="139" type="stmt" count="32"/>
        <line num="141" type="stmt" count="30"/>
        <line num="145" type="stmt" count="31"/>
        <line num="147" type="stmt" count="31"/>
        <line num="151" type="stmt" count="31"/>
        <line num="153" type="stmt" count="31"/>
        <line num="154" type="stmt" count="31"/>
        <line num="156" type="stmt" count="31"/>
        <line num="158" type="stmt" count="30"/>
        <line num="160" type="stmt" count="29"/>
        <line num="166" type="stmt" count="2"/>
        <line num="175" type="method" name="push" visibility="public" complexity="1" crap="1" count="32"/>
        <line num="177" type="stmt" count="32"/>
        <line num="178" type="stmt" count="32"/>
        <line num="185" type="method" name="getSteps" visibility="public" complexity="1" crap="1" count="2"/>
        <line num="187" type="stmt" count="2"/>
        <line num="196" type="method" name="setSteps" visibility="public" complexity="1" crap="1" count="1"/>
        <line num="198" type="stmt" count="1"/>
        <line num="199" type="stmt" count="1"/>
        <line num="206" type="method" name="getArrayExpectation" visibility="public" complexity="1" crap="1" count="2"/>
        <line num="208" type="stmt" count="2"/>
        <line num="217" type="method" name="setArrayExpectation" visibility="public" complexity="1" crap="1" count="1"/>
        <line num="219" type="stmt" count="1"/>
        <line num="220" type="stmt" count="1"/>
        <metrics loc="224" ncloc="159" classes="1" methods="11" coveredmethods="10" conditionals="0" coveredconditionals="0" statements="40" coveredstatements="34" elements="51" coveredelements="44"/>
      </file>
    </package>
    <package name="DataTraveller\Path\Step">
      <file name="/Users/runner/runners/2.169.0/work/data-traveller/data-traveller/src/Path/Step/LiteralStep.php">
        <class name="DataTraveller\Path\Step\LiteralStep" namespace="DataTraveller\Path\Step" fullPackage="DataTraveller" package="DataTraveller">
          <metrics complexity="3" methods="3" coveredmethods="3" conditionals="0" coveredconditionals="0" statements="4" coveredstatements="4" elements="7" coveredelements="7"/>
        </class>
        <line num="30" type="method" name="__construct" visibility="public" complexity="1" crap="1" count="53"/>
        <line num="32" type="stmt" count="53"/>
        <line num="34" type="stmt" count="53"/>
        <line num="39" type="method" name="__toString" visibility="public" complexity="1" crap="1" count="34"/>
        <line num="41" type="stmt" count="34"/>
        <line num="50" type="method" name="expect" visibility="public" complexity="1" crap="1" count="31"/>
        <line num="52" type="stmt" count="31"/>
        <metrics loc="56" ncloc="28" classes="1" methods="3" coveredmethods="3" conditionals="0" coveredconditionals="0" statements="4" coveredstatements="4" elements="7" coveredelements="7"/>
      </file>
      <file name="/Users/runner/runners/2.169.0/work/data-traveller/data-traveller/src/Path/Step/RegexStep.php">
        <class name="DataTraveller\Path\Step\RegexStep" namespace="DataTraveller\Path\Step" fullPackage="DataTraveller" package="DataTraveller">
          <metrics complexity="3" methods="3" coveredmethods="3" conditionals="0" coveredconditionals="0" statements="4" coveredstatements="4" elements="7" coveredelements="7"/>
        </class>
        <line num="30" type="method" name="__construct" visibility="public" complexity="1" crap="1" count="13"/>
        <line num="32" type="stmt" count="13"/>
        <line num="34" type="stmt" count="13"/>
        <line num="39" type="method" name="__toString" visibility="public" complexity="1" crap="1" count="5"/>
        <line num="41" type="stmt" count="5"/>
        <line num="50" type="method" name="expect" visibility="public" complexity="1" crap="1" count="3"/>
        <line num="52" type="stmt" count="3"/>
        <metrics loc="56" ncloc="28" classes="1" methods="3" coveredmethods="3" conditionals="0" coveredconditionals="0" statements="4" coveredstatements="4" elements="7" coveredelements="7"/>
      </file>
    </package>
    <file name="/Users/runner/runners/2.169.0/work/data-traveller/data-traveller/src/Path/Step/StepInterface.php">
      <metrics loc="32" ncloc="12" classes="0" methods="0" coveredmethods="0" conditionals="0" coveredconditionals="0" statements="0" coveredstatements="0" elements="0" coveredelements="0"/>
    </file>
    <metrics files="8" loc="613" ncloc="378" classes="6" methods="24" coveredmethods="23" conditionals="0" coveredconditionals="0" statements="80" coveredstatements="74" elements="104" coveredelements="97"/>
  </project>
</coverage>
